PCAD Importer Log
Project : MCKPM-G1201A-K4037.LibPkg

Section : C:\Users\shantanu\Desktop\Flow\Altium\toilet-sensing-v0.1\libraries\MCKPM-G1201A-K4037.lia
    Section : PCB Library - MCKPM-G1201A-K4037.PcbLib
        Section : Load Messages
            Warning - 1 : Skipping Token MCKPM-G1201A-K4037 On Line 111
            Warning - 1 : Skipping Token attachedSymbol On Line 159
        EndSection

        Section : Import Messages
        EndSection
    EndSection

    Section : SCH Library - MCKPM-G1201A-K4037.SchLib
        Section : Parsing Messages
            Warning - 1 : Skipping Token padStyleDef On Line 9
            Warning - 1 : Skipping Token padStyleDef On Line 21
            Warning - 1 : Skipping Token multiLayer On Line 96
            Warning - 1 : Skipping Token layerContents On Line 100
            Warning - 1 : Skipping Token layerContents On Line 103
        EndSection

        Section : Generating SCH Library - MCKPM-G1201A-K4037.SchLib
        EndSection
    EndSection
EndSection
